[GIN-debug] POST   /api/account/login/       --> go-netdisk/pkg/services/login.JwtLoginHandler (6 handlers)
[GIN-debug] POST   /api/account/logout/      --> go-netdisk/pkg/services/login.JwtLogoutHandler (6 handlers)
[GIN-debug] POST   /api/account/register/    --> go-netdisk/pkg/services/login.RegisterHandler (6 handlers)
[GIN-debug] GET    /api/account/login_page/  --> go-netdisk/pkg/services/login.LoginPageHandler (6 handlers)
[GIN-debug] GET    /api/account/login_success/ --> go-netdisk/pkg/services/login.LoginSuccessHandler (6 handlers)
[GIN-debug] GET    /api/user/me/             --> go-netdisk/pkg/services/user.Me (7 handlers)
[GIN-debug] GET    /api/user/page/           --> go-netdisk/pkg/services/user.PageHandler (7 handlers)
[GIN-debug] GET    /api/matter/page/         --> go-netdisk/pkg/services/matter.PageHandler (7 handlers)
[GIN-debug] GET    /api/matter/get_detail/   --> go-netdisk/pkg/services/matter.DetailHandler (7 handlers)
[GIN-debug] POST   /api/matter/delete/       --> go-netdisk/pkg/services/matter.DeleteMatterHandler (7 handlers)
[GIN-debug] POST   /api/matter/upload/       --> go-netdisk/pkg/services/matter.UploadFileHandler (7 handlers)
[GIN-debug] POST   /api/matter/create_directory/ --> go-netdisk/pkg/services/matter.CreateDirectoryHandler (7 handlers)
[GIN-debug] GET    /api/matter/:uuid/download/ --> go-netdisk/pkg/services/matter.DownloadFileHandler (7 handlers)
[GIN-debug] POST   /api/preference/fetch/    --> go-netdisk/pkg/services/preference.FetchHandler (6 handlers)
[GIN-debug] GET    /api/permission/self_permissions/ --> go-netdisk/pkg/services/permission.SelfPermissionsHandler (7 handlers)
[GIN-debug] GET    /api/permission/get_my_project/ --> go-netdisk/pkg/services/permission.MyProjectHandler (7 handlers)
[GIN-debug] GET    /api/monitors/healthz     --> go-netdisk/pkg/services/monitor.healthzHandler (6 handlers)
[GIN-debug] GET    /api/tests/test_get/:uid/*action --> go-netdisk/pkg/services/demo.testGetUser (6 handlers)
[GIN-debug] GET    /api/tests/test_redirect/ --> go-netdisk/pkg/services/demo.testRedirect (6 handlers)
[GIN-debug] POST   /api/tests/test_post_form/ --> go-netdisk/pkg/services/demo.testPostUser (6 handlers)
[GIN-debug] POST   /api/tests/test_post/     --> go-netdisk/pkg/services/demo.testPostUserData (6 handlers)
[GIN-debug] POST   /api/tests/test_upload/   --> go-netdisk/pkg/services/demo.testUploadFile (6 handlers)
[GIN-debug] GET    /api/tests/test_get_file/ --> go-netdisk/pkg/services/demo.testGetFile (6 handlers)
[GIN-debug] Loaded HTML Templates (2): 
	- 
	- index.html

[GIN-debug] GET    /                         --> go-netdisk/pkg/services.initTemplateRouter.func1 (6 handlers)
[GIN-debug] GET    /static/*filepath         --> github.com/gin-gonic/gin.(*RouterGroup).createStaticHandler.func1 (6 handlers)
[GIN-debug] HEAD   /static/*filepath         --> github.com/gin-gonic/gin.(*RouterGroup).createStaticHandler.func1 (6 handlers)
[GIN-debug] GET    /favicon.ico              --> github.com/gin-gonic/gin.(*RouterGroup).StaticFile.func1 (6 handlers)
[GIN-debug] HEAD   /favicon.ico              --> github.com/gin-gonic/gin.(*RouterGroup).StaticFile.func1 (6 handlers)
[GIN-debug] GET    /media/*filepath          --> github.com/gin-gonic/gin.(*RouterGroup).createStaticHandler.func1 (6 handlers)
[GIN-debug] HEAD   /media/*filepath          --> github.com/gin-gonic/gin.(*RouterGroup).createStaticHandler.func1 (6 handlers)
